# Logfile created on 2017-01-15 21:44:31 +0000 by logger.rb/54072
  INFO ---------------------------------------------------------------------------
  INFO START 2017-01-15 21:44:31 +0000 cap production deploy:initial
  INFO ---------------------------------------------------------------------------
 DEBUG [b6529f27] Running [ -d ~/.rvm ] on 192.168.8.38
 DEBUG [b6529f27] Command: [ -d ~/.rvm ]
 DEBUG [b6529f27] Finished in 2.629 seconds with exit status 1 (failed).
 DEBUG [252bdbba] Running [ -d /usr/local/rvm ] on 192.168.8.38
 DEBUG [252bdbba] Command: [ -d /usr/local/rvm ]
 DEBUG [252bdbba] Finished in 1.957 seconds with exit status 0 (successful).
 DEBUG [7e4f2f67] Running /usr/local/rvm/bin/rvm version on 192.168.8.38
 DEBUG [7e4f2f67] Command: /usr/local/rvm/bin/rvm version
 DEBUG [7e4f2f67] 	rvm 1.28.0 (latest) by Wayne E. Seguin <wayneeseguin@gmail.com>, Michal Papis <mpapis@gmail.com> [https://rvm.io/]
 DEBUG [7e4f2f67] Finished in 2.238 seconds with exit status 0 (successful).
 DEBUG [6407a2d0] Running /usr/local/rvm/bin/rvm current on 192.168.8.38
 DEBUG [6407a2d0] Command: /usr/local/rvm/bin/rvm current
 DEBUG [6407a2d0] 	ruby-2.2.5
 DEBUG [6407a2d0] Finished in 3.287 seconds with exit status 0 (successful).
 DEBUG [965b64b0] Running /usr/local/rvm/bin/rvm default do ruby --version on 192.168.8.38
 DEBUG [965b64b0] Command: /usr/local/rvm/bin/rvm default do ruby --version
 DEBUG [965b64b0] 	ruby 2.2.5p319 (2016-04-26 revision 54774) [x86_64-linux]
 DEBUG [965b64b0] 	
 DEBUG [965b64b0] Finished in 0.307 seconds with exit status 0 (successful).
  INFO [302c04b2] Running /usr/bin/env mkdir -p /tmp on 192.168.8.38
 DEBUG [302c04b2] Command: /usr/bin/env mkdir -p /tmp
  INFO [302c04b2] Finished in 0.008 seconds with exit status 0 (successful).
 DEBUG Uploading /tmp/git-ssh-myapp-production-root.sh 0.0%
  INFO Uploading /tmp/git-ssh-myapp-production-root.sh 100.0%
  INFO [9c65d542] Running /usr/bin/env chmod 700 /tmp/git-ssh-myapp-production-root.sh on 192.168.8.38
 DEBUG [9c65d542] Command: /usr/bin/env chmod 700 /tmp/git-ssh-myapp-production-root.sh
  INFO [9c65d542] Finished in 0.008 seconds with exit status 0 (successful).
  INFO [25a0d800] Running /usr/bin/env git ls-remote --heads https://github.com/crynus/myapp.git on 192.168.8.38
 DEBUG [25a0d800] Command: ( export GIT_ASKPASS="/bin/echo" GIT_SSH="/tmp/git-ssh-myapp-production-root.sh" ; /usr/bin/env git ls-remote --heads https://github.com/crynus/myapp.git )
 DEBUG [25a0d800] 	027a08b43c9380f8d7e48d3eb3e6016949928385
 DEBUG [25a0d800] 		
 DEBUG [25a0d800] 	refs/heads/master
 DEBUG [25a0d800] 	
  INFO [25a0d800] Finished in 3.672 seconds with exit status 0 (successful).
  INFO [9d9f8334] Running /usr/bin/env mkdir -p /home/root/apps/myapp/shared /home/root/apps/myapp/releases on 192.168.8.38
 DEBUG [9d9f8334] Command: /usr/bin/env mkdir -p /home/root/apps/myapp/shared /home/root/apps/myapp/releases
  INFO [9d9f8334] Finished in 0.013 seconds with exit status 0 (successful).
  INFO [0b37cfd2] Running /usr/bin/env mkdir -p /home/root/apps/myapp/shared/public/assets on 192.168.8.38
 DEBUG [0b37cfd2] Command: /usr/bin/env mkdir -p /home/root/apps/myapp/shared/public/assets
  INFO [0b37cfd2] Finished in 0.011 seconds with exit status 0 (successful).
 DEBUG [0e0a80e4] Running [ -f /home/root/apps/myapp/shared/puma.rb ] on 192.168.8.38
 DEBUG [0e0a80e4] Command: [ -f /home/root/apps/myapp/shared/puma.rb ]
 DEBUG [0e0a80e4] Finished in 0.007 seconds with exit status 0 (successful).
 DEBUG [9e8a9ec1] Running [ -f /home/root/apps/myapp/current/REVISION ] on 192.168.8.38
 DEBUG [9e8a9ec1] Command: [ -f /home/root/apps/myapp/current/REVISION ]
 DEBUG [9e8a9ec1] Finished in 0.007 seconds with exit status 1 (failed).
 DEBUG [2acf1c82] Running [ -f /home/root/apps/myapp/repo/HEAD ] on 192.168.8.38
 DEBUG [2acf1c82] Command: [ -f /home/root/apps/myapp/repo/HEAD ]
 DEBUG [2acf1c82] Finished in 0.007 seconds with exit status 0 (successful).
  INFO The repository mirror is at /home/root/apps/myapp/repo
 DEBUG [db4c5a26] Running if test ! -d /home/root/apps/myapp/repo; then echo "Directory does not exist '/home/root/apps/myapp/repo'" 1>&2; false; fi on 192.168.8.38
 DEBUG [db4c5a26] Command: if test ! -d /home/root/apps/myapp/repo; then echo "Directory does not exist '/home/root/apps/myapp/repo'" 1>&2; false; fi
 DEBUG [db4c5a26] Finished in 0.011 seconds with exit status 0 (successful).
  INFO [6e1465ad] Running /usr/bin/env git remote update --prune on 192.168.8.38
 DEBUG [6e1465ad] Command: cd /home/root/apps/myapp/repo && ( export GIT_ASKPASS="/bin/echo" GIT_SSH="/tmp/git-ssh-myapp-production-root.sh" ; /usr/bin/env git remote update --prune )
 DEBUG [6e1465ad] 	Fetching origin
 DEBUG [6e1465ad] 	
 DEBUG [6e1465ad] 	Error writing to authentication socket.
 DEBUG [6e1465ad] 	
 DEBUG [6e1465ad] 	remote: Counting objects: 6, done.[K
 DEBUG [6e1465ad] 	
 DEBUG [6e1465ad] 	remote: Compressing objects:  33% (1/3)   [K
 DEBUG [6e1465ad] 	remote: Compressing objects:  66% (2/3)   [K
 DEBUG [6e1465ad] 	remote: Compressing objects: 100% (3/3)   [K
 DEBUG [6e1465ad] 	remote: Compressing objects: 10
 DEBUG [6e1465ad] 	0% (3/3), done.[K
 DEBUG [6e1465ad] 	
 DEBUG [6e1465ad] 	remote: Total 6 (delta 3), reused 6 (delta 3), pack-reused 0[K
 DEBUG [6e1465ad] 	
 DEBUG [6e1465ad] 	Unpacking objects:  16% (1/6)   
 DEBUG [6e1465ad] 	Unpacking objects:  33% (2/6)   
 DEBUG [6e1465ad] 	Unpacking objects:  50% (3/6)   
 DEBUG [6e1465ad] 	Unpacking objects:  66% (4/6)   
 DEBUG [6e1465ad] 	Unpacking objects:  83% (5/6)   
 DEBUG [6e1465ad] 	Unpacking objects: 100% (6/6)   
 DEBUG [6e1465ad] 	Unpacking objects: 100% (6/6), done.
 DEBUG [6e1465ad] 	
 DEBUG [6e1465ad] 	From github.com:crynus/myapp
 DEBUG [6e1465ad] 	
 DEBUG [6e1465ad] 	   c964af3..027a08b  master     -> master
 DEBUG [6e1465ad] 	
  INFO [6e1465ad] Finished in 1.971 seconds with exit status 0 (successful).
 DEBUG [42521f3f] Running if test ! -d /home/root/apps/myapp/repo; then echo "Directory does not exist '/home/root/apps/myapp/repo'" 1>&2; false; fi on 192.168.8.38
 DEBUG [42521f3f] Command: if test ! -d /home/root/apps/myapp/repo; then echo "Directory does not exist '/home/root/apps/myapp/repo'" 1>&2; false; fi
 DEBUG [42521f3f] Finished in 0.010 seconds with exit status 0 (successful).
  INFO [20f39e4f] Running /usr/bin/env mkdir -p /home/root/apps/myapp/releases/20170115214445 on 192.168.8.38
 DEBUG [20f39e4f] Command: cd /home/root/apps/myapp/repo && ( export GIT_ASKPASS="/bin/echo" GIT_SSH="/tmp/git-ssh-myapp-production-root.sh" ; /usr/bin/env mkdir -p /home/root/apps/myapp/releases/20170115214445 )
  INFO [20f39e4f] Finished in 0.011 seconds with exit status 0 (successful).
  INFO [3390273f] Running /usr/bin/env git archive master | /usr/bin/env tar -x -f - -C /home/root/apps/myapp/releases/20170115214445 on 192.168.8.38
 DEBUG [3390273f] Command: cd /home/root/apps/myapp/repo && ( export GIT_ASKPASS="/bin/echo" GIT_SSH="/tmp/git-ssh-myapp-production-root.sh" ; /usr/bin/env git archive master | /usr/bin/env tar -x -f - -C /home/root/apps/myapp/releases/20170115214445 )
  INFO [3390273f] Finished in 0.018 seconds with exit status 0 (successful).
 DEBUG [55aaaa55] Running if test ! -d /home/root/apps/myapp/repo; then echo "Directory does not exist '/home/root/apps/myapp/repo'" 1>&2; false; fi on 192.168.8.38
 DEBUG [55aaaa55] Command: if test ! -d /home/root/apps/myapp/repo; then echo "Directory does not exist '/home/root/apps/myapp/repo'" 1>&2; false; fi
 DEBUG [55aaaa55] Finished in 0.015 seconds with exit status 0 (successful).
 DEBUG [4df04b80] Running /usr/bin/env git rev-list --max-count=1 master on 192.168.8.38
 DEBUG [4df04b80] Command: cd /home/root/apps/myapp/repo && ( export GIT_ASKPASS="/bin/echo" GIT_SSH="/tmp/git-ssh-myapp-production-root.sh" ; /usr/bin/env git rev-list --max-count=1 master )
 DEBUG [4df04b80] 	027a08b43c9380f8d7e48d3eb3e6016949928385
 DEBUG [4df04b80] Finished in 0.009 seconds with exit status 0 (successful).
 DEBUG [0f11d2ee] Running if test ! -d /home/root/apps/myapp/releases/20170115214445; then echo "Directory does not exist '/home/root/apps/myapp/releases/20170115214445'" 1>&2; false; fi on 192.168.8.38
 DEBUG [0f11d2ee] Command: if test ! -d /home/root/apps/myapp/releases/20170115214445; then echo "Directory does not exist '/home/root/apps/myapp/releases/20170115214445'" 1>&2; false; fi
 DEBUG [0f11d2ee] Finished in 0.007 seconds with exit status 0 (successful).
  INFO [8cf25f3d] Running /usr/bin/env echo "027a08b43c9380f8d7e48d3eb3e6016949928385" >> REVISION on 192.168.8.38
 DEBUG [8cf25f3d] Command: cd /home/root/apps/myapp/releases/20170115214445 && /usr/bin/env echo "027a08b43c9380f8d7e48d3eb3e6016949928385" >> REVISION
  INFO [8cf25f3d] Finished in 0.010 seconds with exit status 0 (successful).
  INFO [7a75b7c2] Running /usr/bin/env mkdir -p /home/root/apps/myapp/releases/20170115214445/public on 192.168.8.38
 DEBUG [7a75b7c2] Command: /usr/bin/env mkdir -p /home/root/apps/myapp/releases/20170115214445/public
  INFO [7a75b7c2] Finished in 0.011 seconds with exit status 0 (successful).
 DEBUG [52638309] Running [ -L /home/root/apps/myapp/releases/20170115214445/public/assets ] on 192.168.8.38
 DEBUG [52638309] Command: [ -L /home/root/apps/myapp/releases/20170115214445/public/assets ]
 DEBUG [52638309] Finished in 0.009 seconds with exit status 1 (failed).
 DEBUG [7db30a4e] Running [ -d /home/root/apps/myapp/releases/20170115214445/public/assets ] on 192.168.8.38
 DEBUG [7db30a4e] Command: [ -d /home/root/apps/myapp/releases/20170115214445/public/assets ]
 DEBUG [7db30a4e] Finished in 0.007 seconds with exit status 1 (failed).
  INFO [9aa825e6] Running /usr/bin/env ln -s /home/root/apps/myapp/shared/public/assets /home/root/apps/myapp/releases/20170115214445/public/assets on 192.168.8.38
 DEBUG [9aa825e6] Command: /usr/bin/env ln -s /home/root/apps/myapp/shared/public/assets /home/root/apps/myapp/releases/20170115214445/public/assets
  INFO [9aa825e6] Finished in 0.008 seconds with exit status 0 (successful).
 DEBUG [55693d36] Running if test ! -d /home/root/apps/myapp/releases/20170115214445; then echo "Directory does not exist '/home/root/apps/myapp/releases/20170115214445'" 1>&2; false; fi on 192.168.8.38
 DEBUG [55693d36] Command: if test ! -d /home/root/apps/myapp/releases/20170115214445; then echo "Directory does not exist '/home/root/apps/myapp/releases/20170115214445'" 1>&2; false; fi
 DEBUG [55693d36] Finished in 0.010 seconds with exit status 0 (successful).
 DEBUG [9fc239e7] Running /usr/local/rvm/bin/rvm default do bundle check --path /home/root/apps/myapp/shared/bundle on 192.168.8.38
 DEBUG [9fc239e7] Command: cd /home/root/apps/myapp/releases/20170115214445 && /usr/local/rvm/bin/rvm default do bundle check --path /home/root/apps/myapp/shared/bundle
 DEBUG [9fc239e7] 	[31mThe following gems are missing[0m
[31m * net-ssh (4.0.1)[0m
[31m * net-scp (1.2.1)[0m
[31m * sshkit (1.11.5)[0m
[31m * airbrussh (1.1.2)[0m
[31m * capistrano-harrow (0.5.3)[0m
[31m * i18n (0.7.0)[0m
[31m * capistrano (3.7.1)[0m
[31m * capistrano-bundler (1.2.0)[0m
[31m * capistrano-rails (1.2.2)[0m
[31m * capistrano-rvm (0.1.2)[0m
[31m * puma (3.6.2)[0m
[31m * capistrano3-puma (1.2.1)[0m
[33mInstall missing gems with `bundle install`[0m
 DEBUG [9fc239e7] Finished in 0.533 seconds with exit status 1 (failed).
  INFO [890b1b1f] Running /usr/local/rvm/bin/rvm default do bundle install --path /home/root/apps/myapp/shared/bundle --without development test --deployment --quiet on 192.168.8.38
 DEBUG [890b1b1f] Command: cd /home/root/apps/myapp/releases/20170115214445 && /usr/local/rvm/bin/rvm default do bundle install --path /home/root/apps/myapp/shared/bundle --without development test --deployment --quiet
  INFO [890b1b1f] Finished in 1.487 seconds with exit status 0 (successful).
 DEBUG [cd941ff2] Running if test ! -d /home/root/apps/myapp/releases/20170115214445; then echo "Directory does not exist '/home/root/apps/myapp/releases/20170115214445'" 1>&2; false; fi on 192.168.8.38
 DEBUG [cd941ff2] Command: if test ! -d /home/root/apps/myapp/releases/20170115214445; then echo "Directory does not exist '/home/root/apps/myapp/releases/20170115214445'" 1>&2; false; fi
 DEBUG [cd941ff2] Finished in 0.007 seconds with exit status 0 (successful).
  INFO [4c69abc0] Running /usr/local/rvm/bin/rvm default do bundle exec rake assets:precompile on 192.168.8.38
 DEBUG [4c69abc0] Command: cd /home/root/apps/myapp/releases/20170115214445 && ( export RAILS_ENV="production" ; /usr/local/rvm/bin/rvm default do bundle exec rake assets:precompile )
 DEBUG [4c69abc0] 	rake aborted!
 DEBUG [4c69abc0] 	
 DEBUG [4c69abc0] 	No Rakefile found (looking for: rakefile, Rakefile, rakefile.rb, Rakefile.rb)
 DEBUG [4c69abc0] 	
 DEBUG [4c69abc0] 	/usr/local/rvm/gems/ruby-2.2.5/gems/bundler-1.13.7/lib/bundler/cli/exec.rb:74:in `load'
 DEBUG [4c69abc0] 	
/usr/local/rvm/gems/ruby-2.2.5/gems/bundler-1.13.7/lib/bundler/cli/exec.rb:74:in `kernel_load'
/usr/local/rvm/gems/ruby-2.2.5/gems/bundler-1.13.7/lib/bundler/cli/exec.rb:27:in `run'
/usr/local/rvm/gems/ruby-2.2.5/gems/bundler-1.13.7/lib/bundler/cli.rb:332:in `exec'
/usr/local/rvm/gems/ruby-2.2.5/gems/bundler-1.13.7/lib/bundler/vendor/thor/lib/thor/command.rb:27:in `run'
/usr/local/rvm/gems/ruby-2.2.5/gems/bundler-1.13.7/lib/bundler/vendor/thor/lib/thor/invocation.rb:126:in `invoke_command'
/usr/local/rvm/gems/ruby-2.2.5/gems/bundler-1.13.7/lib/bundler/vendor/thor/lib/thor.rb:359:in `dispatch'
/usr/local/rvm/gems/ruby-2.2.5/gems/bundler-1.13.7/lib/bundler/cli.rb:20:in `dispatch'
/usr/local/rvm/gems/ruby-2.2.5/gems/bundler-1.13.7/lib/bundler/vendor/thor/lib/thor/base.rb:440:in `start'
/usr/local/rvm/gems/ruby-2.2.5/gems/bundler-1.13.7/lib/bundler/cli.rb:11:in `start'
/usr/local/rvm/gems/ruby-2.2.5/gems/bundler-1.13.7/exe/bundle:34:in `block in <top (required)>'
/usr/local/rvm/gems/ruby-2.2.5/gems/bundler-1.13.7/lib/bundler/friendly_errors.rb:100:in `with_friendly_errors'
/usr/local/rvm/gems/ruby-2.2.5/gems/bundler-1.13.7/exe/bundle:26:in `<top (required)>'
/usr/local/rvm/gems/ruby-2.2.5/bin/bundle:23:in `load'
/usr/local/rvm/gems/ruby-2.2.5/bin/bundle:23:in `<main>'
/usr/local/rvm/gems/ruby-2.2.5/bin/ruby_executable_hooks:15:in `eval'
/usr/local/rvm/gems/ruby-2.2.5/bin/ruby_executable_hooks:15:in `<main>'
(See full trace by running task with --trace)
